0 info it worked if it ends with ok
1 verbose cli [ 'node', '/usr/local/bin/npm', 'install', '-g', 'plato' ]
2 info using npm@1.4.28
3 info using node@v0.10.33
4 verbose cache add [ 'plato', null ]
5 verbose cache add name=undefined spec="plato" args=["plato",null]
6 verbose parsed url { protocol: null,
6 verbose parsed url   slashes: null,
6 verbose parsed url   auth: null,
6 verbose parsed url   host: null,
6 verbose parsed url   port: null,
6 verbose parsed url   hostname: null,
6 verbose parsed url   hash: null,
6 verbose parsed url   search: null,
6 verbose parsed url   query: null,
6 verbose parsed url   pathname: 'plato',
6 verbose parsed url   path: 'plato',
6 verbose parsed url   href: 'plato' }
7 silly lockFile d4a4de4f-plato plato
8 verbose lock plato /Users/lucas/.npm/d4a4de4f-plato.lock
9 silly lockFile d4a4de4f-plato plato
10 silly lockFile d4a4de4f-plato plato
11 verbose addNamed [ 'plato', '' ]
12 verbose addNamed [ null, '*' ]
13 silly lockFile 1709aac9-plato plato@
14 verbose lock plato@ /Users/lucas/.npm/1709aac9-plato.lock
15 silly addNameRange { name: 'plato', range: '*', hasData: false }
16 verbose request where is /plato
17 verbose request registry https://registry.npmjs.org/
18 verbose request id dc39ee7135b77068
19 verbose url raw /plato
20 verbose url resolving [ 'https://registry.npmjs.org/', './plato' ]
21 verbose url resolved https://registry.npmjs.org/plato
22 verbose request where is https://registry.npmjs.org/plato
23 info trying registry request attempt 1 at 17:59:09
24 http GET https://registry.npmjs.org/plato
25 http 200 https://registry.npmjs.org/plato
26 silly registry.get cb [ 200,
26 silly registry.get   { date: 'Thu, 29 Jan 2015 07:59:09 GMT',
26 silly registry.get     server: 'CouchDB/1.5.0 (Erlang OTP/R16B03)',
26 silly registry.get     etag: '"D4AYB35HGMJKLL271IKG2ZLE7"',
26 silly registry.get     'content-type': 'application/json',
26 silly registry.get     'cache-control': 'max-age=60',
26 silly registry.get     'content-length': '33958',
26 silly registry.get     'accept-ranges': 'bytes',
26 silly registry.get     via: '1.1 varnish',
26 silly registry.get     age: '0',
26 silly registry.get     'x-served-by': 'cache-syd1621-SYD',
26 silly registry.get     'x-cache': 'MISS',
26 silly registry.get     'x-cache-hits': '0',
26 silly registry.get     'x-timer': 'S1422518349.367478,VS0,VE415',
26 silly registry.get     vary: 'Accept',
26 silly registry.get     'keep-alive': 'timeout=10, max=50',
26 silly registry.get     connection: 'Keep-Alive' } ]
27 silly addNameRange number 2 { name: 'plato', range: '*', hasData: true }
28 silly addNameRange versions [ 'plato',
28 silly addNameRange   [ '0.1.0',
28 silly addNameRange     '0.2.0',
28 silly addNameRange     '0.3.0',
28 silly addNameRange     '0.3.1',
28 silly addNameRange     '0.4.0',
28 silly addNameRange     '0.4.1',
28 silly addNameRange     '0.4.2',
28 silly addNameRange     '0.4.3',
28 silly addNameRange     '0.4.4',
28 silly addNameRange     '0.4.5',
28 silly addNameRange     '0.4.6',
28 silly addNameRange     '0.4.7',
28 silly addNameRange     '0.5.0',
28 silly addNameRange     '0.6.1',
28 silly addNameRange     '0.6.2',
28 silly addNameRange     '1.0.0',
28 silly addNameRange     '1.0.1',
28 silly addNameRange     '1.1.0',
28 silly addNameRange     '1.2.0',
28 silly addNameRange     '1.2.2',
28 silly addNameRange     '1.3.0' ] ]
29 verbose addNamed [ 'plato', '1.3.0' ]
30 verbose addNamed [ '1.3.0', '1.3.0' ]
31 silly lockFile 15cd3e75-plato-1-3-0 plato@1.3.0
32 verbose lock plato@1.3.0 /Users/lucas/.npm/15cd3e75-plato-1-3-0.lock
33 silly lockFile badf57ad--npmjs-org-plato-plato-1-3-0-tgz https://registry.npmjs.org/plato/-/plato-1.3.0.tgz
34 verbose lock https://registry.npmjs.org/plato/-/plato-1.3.0.tgz /Users/lucas/.npm/badf57ad--npmjs-org-plato-plato-1-3-0-tgz.lock
35 verbose addRemoteTarball [ 'https://registry.npmjs.org/plato/-/plato-1.3.0.tgz',
35 verbose addRemoteTarball   'ceffd6be6642595f7889fea267176c6d6401b7a7' ]
36 info retry fetch attempt 1 at 17:59:09
37 verbose fetch to= /var/folders/ss/z2nmpkgd7n5_6pd981dzm8100000gy/T/npm-8152-zdAYkEov/registry.npmjs.org/plato/-/plato-1.3.0.tgz
38 http GET https://registry.npmjs.org/plato/-/plato-1.3.0.tgz
39 http 200 https://registry.npmjs.org/plato/-/plato-1.3.0.tgz
40 silly lockFile badf57ad--npmjs-org-plato-plato-1-3-0-tgz https://registry.npmjs.org/plato/-/plato-1.3.0.tgz
41 silly lockFile badf57ad--npmjs-org-plato-plato-1-3-0-tgz https://registry.npmjs.org/plato/-/plato-1.3.0.tgz
42 silly lockFile 15cd3e75-plato-1-3-0 plato@1.3.0
43 silly lockFile 15cd3e75-plato-1-3-0 plato@1.3.0
44 silly lockFile 1709aac9-plato plato@
45 silly lockFile 1709aac9-plato plato@
46 silly resolved [ { name: 'plato',
46 silly resolved     description: 'JavaScript source analysis and visualizer',
46 silly resolved     version: '1.3.0',
46 silly resolved     homepage: 'https://github.com/es-analysis/plato',
46 silly resolved     author:
46 silly resolved      { name: 'Jarrod Overson',
46 silly resolved        email: 'jsoverson@gmail.com',
46 silly resolved        url: 'http://jarrodoverson.com/' },
46 silly resolved     repository: { type: 'git', url: 'git://github.com/es-analysis/plato.git' },
46 silly resolved     bugs: { url: 'https://github.com/es-analysis/plato/issues' },
46 silly resolved     bin: { plato: 'bin/plato' },
46 silly resolved     licenses: [ [Object] ],
46 silly resolved     main: 'lib/plato',
46 silly resolved     engines: { node: '>= 0.10.0' },
46 silly resolved     scripts: { test: 'grunt test' },
46 silly resolved     devDependencies:
46 silly resolved      { grunt: '~0.4.1',
46 silly resolved        'grunt-contrib-jshint': '~0.10',
46 silly resolved        'grunt-contrib-nodeunit': '~0.1.2',
46 silly resolved        'grunt-contrib-uglify': '~0.2.0',
46 silly resolved        'grunt-casper': '~0.4.0',
46 silly resolved        'grunt-contrib-watch': '~0.6.1' },
46 silly resolved     keywords:
46 silly resolved      [ 'halstead',
46 silly resolved        'visualize',
46 silly resolved        'cyclomatic',
46 silly resolved        'complexity',
46 silly resolved        'report',
46 silly resolved        'analysis',
46 silly resolved        'analyze' ],
46 silly resolved     dependencies:
46 silly resolved      { 'escomplex-js': '~0.1.4',
46 silly resolved        'posix-getopt': '~1.0.0',
46 silly resolved        lodash: '~2.4.1',
46 silly resolved        'fs-extra': '~0.3.2',
46 silly resolved        jshint: '~2.5.1',
46 silly resolved        glob: '~4.3.1' },
46 silly resolved     gitHead: '99f03cf4f3880488691613f41661205ea7b7ed56',
46 silly resolved     _id: 'plato@1.3.0',
46 silly resolved     _shasum: 'ceffd6be6642595f7889fea267176c6d6401b7a7',
46 silly resolved     _from: 'plato@',
46 silly resolved     _npmVersion: '2.1.9',
46 silly resolved     _nodeVersion: '0.10.28',
46 silly resolved     _npmUser: { name: 'jsoverson', email: 'jsoverson@gmail.com' },
46 silly resolved     maintainers: [ [Object], [Object] ],
46 silly resolved     dist:
46 silly resolved      { shasum: 'ceffd6be6642595f7889fea267176c6d6401b7a7',
46 silly resolved        tarball: 'http://registry.npmjs.org/plato/-/plato-1.3.0.tgz' },
46 silly resolved     directories: {},
46 silly resolved     _resolved: 'https://registry.npmjs.org/plato/-/plato-1.3.0.tgz' } ]
47 info install plato@1.3.0 into /usr/local/lib
48 info installOne plato@1.3.0
49 verbose lib/node_modules/plato unbuild
50 verbose tar unpack /Users/lucas/.npm/plato/1.3.0/package.tgz
51 silly lockFile 7b074659-usr-local-lib-node-modules-plato tar:///usr/local/lib/node_modules/plato
52 verbose lock tar:///usr/local/lib/node_modules/plato /Users/lucas/.npm/7b074659-usr-local-lib-node-modules-plato.lock
53 silly lockFile 85fe65b9-ucas-npm-plato-1-3-0-package-tgz tar:///Users/lucas/.npm/plato/1.3.0/package.tgz
54 verbose lock tar:///Users/lucas/.npm/plato/1.3.0/package.tgz /Users/lucas/.npm/85fe65b9-ucas-npm-plato-1-3-0-package-tgz.lock
55 silly gunzTarPerm modes [ '755', '644' ]
56 error Error: EACCES, mkdir '/usr/local/lib/node_modules/plato'
56 error  { [Error: EACCES, mkdir '/usr/local/lib/node_modules/plato']
56 error   errno: 3,
56 error   code: 'EACCES',
56 error   path: '/usr/local/lib/node_modules/plato',
56 error   fstream_type: 'Directory',
56 error   fstream_path: '/usr/local/lib/node_modules/plato',
56 error   fstream_class: 'DirWriter',
56 error   fstream_stack:
56 error    [ '/usr/local/lib/node_modules/npm/node_modules/fstream/lib/dir-writer.js:36:23',
56 error      '/usr/local/lib/node_modules/npm/node_modules/mkdirp/index.js:46:53',
56 error      'Object.oncomplete (fs.js:107:15)' ] }
57 error Please try running this command again as root/Administrator.
58 error System Darwin 14.0.0
59 error command "node" "/usr/local/bin/npm" "install" "-g" "plato"
60 error cwd /Users/lucas/UQSummer2014-15/chat-app/routes
61 error node -v v0.10.33
62 error npm -v 1.4.28
63 error path /usr/local/lib/node_modules/plato
64 error fstream_path /usr/local/lib/node_modules/plato
65 error fstream_type Directory
66 error fstream_class DirWriter
67 error code EACCES
68 error errno 3
69 error stack Error: EACCES, mkdir '/usr/local/lib/node_modules/plato'
70 error fstream_stack /usr/local/lib/node_modules/npm/node_modules/fstream/lib/dir-writer.js:36:23
70 error fstream_stack /usr/local/lib/node_modules/npm/node_modules/mkdirp/index.js:46:53
70 error fstream_stack Object.oncomplete (fs.js:107:15)
71 verbose exit [ 3, true ]
