0 info it worked if it ends with ok
1 verbose cli [ 'node', '/usr/local/bin/npm', 'install', 'express', '--save' ]
2 info using npm@1.4.28
3 info using node@v0.10.33
4 warn package.json SpeakThis_GUI@1.0.0 No repository field.
5 verbose readDependencies using package.json deps
6 verbose cache add [ 'express', null ]
7 verbose cache add name=undefined spec="express" args=["express",null]
8 verbose parsed url { protocol: null,
8 verbose parsed url   slashes: null,
8 verbose parsed url   auth: null,
8 verbose parsed url   host: null,
8 verbose parsed url   port: null,
8 verbose parsed url   hostname: null,
8 verbose parsed url   hash: null,
8 verbose parsed url   search: null,
8 verbose parsed url   query: null,
8 verbose parsed url   pathname: 'express',
8 verbose parsed url   path: 'express',
8 verbose parsed url   href: 'express' }
9 silly lockFile f3c62de4-express express
10 verbose lock express /Users/lucas/.npm/f3c62de4-express.lock
11 silly lockFile f3c62de4-express express
12 silly lockFile f3c62de4-express express
13 verbose addNamed [ 'express', '' ]
14 verbose addNamed [ null, '*' ]
15 silly lockFile 64a534c1-express express@
16 verbose lock express@ /Users/lucas/.npm/64a534c1-express.lock
17 silly addNameRange { name: 'express', range: '*', hasData: false }
18 verbose request where is /express
19 verbose request registry https://registry.npmjs.org/
20 verbose request id ab794c9b6a36a8f1
21 verbose url raw /express
22 verbose url resolving [ 'https://registry.npmjs.org/', './express' ]
23 verbose url resolved https://registry.npmjs.org/express
24 verbose request where is https://registry.npmjs.org/express
25 info trying registry request attempt 1 at 13:22:08
26 verbose etag "86MFZIXMR1W0J9QNH6X3O10F7"
27 http GET https://registry.npmjs.org/express
28 http 200 https://registry.npmjs.org/express
29 silly registry.get cb [ 200,
29 silly registry.get   { date: 'Fri, 20 Feb 2015 03:22:08 GMT',
29 silly registry.get     server: 'CouchDB/1.5.0 (Erlang OTP/R16B03)',
29 silly registry.get     etag: '"9ZYK9RZDQAM9P9EXFEW5GOMHC"',
29 silly registry.get     'content-type': 'application/json',
29 silly registry.get     'cache-control': 'max-age=60',
29 silly registry.get     'content-length': '472847',
29 silly registry.get     'accept-ranges': 'bytes',
29 silly registry.get     via: '1.1 varnish',
29 silly registry.get     age: '22',
29 silly registry.get     'x-served-by': 'cache-syd1620-SYD',
29 silly registry.get     'x-cache': 'HIT',
29 silly registry.get     'x-cache-hits': '12',
29 silly registry.get     'x-timer': 'S1424402528.345488,VS0,VE0',
29 silly registry.get     vary: 'Accept',
29 silly registry.get     'keep-alive': 'timeout=10, max=50',
29 silly registry.get     connection: 'Keep-Alive' } ]
30 silly addNameRange number 2 { name: 'express', range: '*', hasData: true }
31 silly addNameRange versions [ 'express',
31 silly addNameRange   [ '0.14.0',
31 silly addNameRange     '0.14.1',
31 silly addNameRange     '1.0.0',
31 silly addNameRange     '1.0.1',
31 silly addNameRange     '1.0.2',
31 silly addNameRange     '1.0.3',
31 silly addNameRange     '1.0.4',
31 silly addNameRange     '1.0.5',
31 silly addNameRange     '1.0.6',
31 silly addNameRange     '1.0.7',
31 silly addNameRange     '1.0.8',
31 silly addNameRange     '2.0.0',
31 silly addNameRange     '2.1.0',
31 silly addNameRange     '2.1.1',
31 silly addNameRange     '2.2.0',
31 silly addNameRange     '2.2.1',
31 silly addNameRange     '2.2.2',
31 silly addNameRange     '2.3.0',
31 silly addNameRange     '2.3.1',
31 silly addNameRange     '2.3.2',
31 silly addNameRange     '2.3.3',
31 silly addNameRange     '2.3.4',
31 silly addNameRange     '2.3.5',
31 silly addNameRange     '2.3.6',
31 silly addNameRange     '2.3.7',
31 silly addNameRange     '2.3.8',
31 silly addNameRange     '2.3.9',
31 silly addNameRange     '2.3.10',
31 silly addNameRange     '2.3.11',
31 silly addNameRange     '2.3.12',
31 silly addNameRange     '2.4.0',
31 silly addNameRange     '2.4.1',
31 silly addNameRange     '2.4.2',
31 silly addNameRange     '2.4.3',
31 silly addNameRange     '2.4.4',
31 silly addNameRange     '2.4.5',
31 silly addNameRange     '2.4.6',
31 silly addNameRange     '2.4.7',
31 silly addNameRange     '2.5.0',
31 silly addNameRange     '2.5.1',
31 silly addNameRange     '2.5.2',
31 silly addNameRange     '2.5.3',
31 silly addNameRange     '2.5.4',
31 silly addNameRange     '2.5.5',
31 silly addNameRange     '2.5.6',
31 silly addNameRange     '2.5.7',
31 silly addNameRange     '2.5.8',
31 silly addNameRange     '2.5.9',
31 silly addNameRange     '2.5.10',
31 silly addNameRange     '2.5.11',
31 silly addNameRange     '3.0.0',
31 silly addNameRange     '3.0.1',
31 silly addNameRange     '3.0.2',
31 silly addNameRange     '3.0.3',
31 silly addNameRange     '3.0.4',
31 silly addNameRange     '3.0.5',
31 silly addNameRange     '3.0.6',
31 silly addNameRange     '3.1.0',
31 silly addNameRange     '3.1.1',
31 silly addNameRange     '3.1.2',
31 silly addNameRange     '3.2.0',
31 silly addNameRange     '3.2.1',
31 silly addNameRange     '3.2.2',
31 silly addNameRange     '3.2.3',
31 silly addNameRange     '3.2.4',
31 silly addNameRange     '3.2.5',
31 silly addNameRange     '3.2.6',
31 silly addNameRange     '3.3.0',
31 silly addNameRange     '3.3.1',
31 silly addNameRange     '3.3.2',
31 silly addNameRange     '3.3.3',
31 silly addNameRange     '3.3.4',
31 silly addNameRange     '3.3.5',
31 silly addNameRange     '3.3.6',
31 silly addNameRange     '1.0.0-beta',
31 silly addNameRange     '1.0.0-beta2',
31 silly addNameRange     '1.0.0-rc',
31 silly addNameRange     '1.0.0-rc2',
31 silly addNameRange     '1.0.0-rc3',
31 silly addNameRange     '1.0.0-rc4',
31 silly addNameRange     '2.0.0-beta',
31 silly addNameRange     '2.0.0-beta2',
31 silly addNameRange     '2.0.0-beta3',
31 silly addNameRange     '2.0.0-rc',
31 silly addNameRange     '2.0.0-rc2',
31 silly addNameRange     '2.0.0-rc3',
31 silly addNameRange     '3.0.0-alpha1',
31 silly addNameRange     '3.0.0-alpha2',
31 silly addNameRange     '3.0.0-alpha3',
31 silly addNameRange     '3.0.0-alpha4',
31 silly addNameRange     '3.0.0-alpha5',
31 silly addNameRange     '3.0.0-beta1',
31 silly addNameRange     '3.0.0-beta2',
31 silly addNameRange     '3.0.0-beta3',
31 silly addNameRange     '3.0.0-beta4',
31 silly addNameRange     '3.0.0-beta6',
31 silly addNameRange     '3.0.0-beta7',
31 silly addNameRange     '3.0.0-rc1',
31 silly addNameRange     '3.0.0-rc2',
31 silly addNameRange     '3.0.0-rc3',
31 silly addNameRange     '3.0.0-rc4',
31 silly addNameRange     '3.0.0-rc5',
31 silly addNameRange     '3.3.7',
31 silly addNameRange     '3.3.8',
31 silly addNameRange     '3.4.0',
31 silly addNameRange     '3.4.1',
31 silly addNameRange     '3.4.2',
31 silly addNameRange     '3.4.3',
31 silly addNameRange     '3.4.4',
31 silly addNameRange     '3.4.5',
31 silly addNameRange     '3.4.6',
31 silly addNameRange     '3.4.7',
31 silly addNameRange     '3.4.8',
31 silly addNameRange     '4.0.0-rc1',
31 silly addNameRange     '4.0.0-rc2',
31 silly addNameRange     '3.5.0',
31 silly addNameRange     '4.0.0-rc3',
31 silly addNameRange     '4.0.0-rc4',
31 silly addNameRange     '3.5.1',
31 silly addNameRange     '4.0.0',
31 silly addNameRange     '3.5.2',
31 silly addNameRange     '4.1.0',
31 silly addNameRange     '4.1.1',
31 silly addNameRange     '3.5.3',
31 silly addNameRange     '4.1.2',
31 silly addNameRange     '3.6.0',
31 silly addNameRange     '4.2.0',
31 silly addNameRange     '3.7.0',
31 silly addNameRange     '3.8.0',
31 silly addNameRange     '4.3.0',
31 silly addNameRange     '4.3.1',
31 silly addNameRange     '3.8.1',
31 silly addNameRange     '4.3.2',
31 silly addNameRange     '3.9.0',
31 silly addNameRange     '4.4.0',
31 silly addNameRange     '4.4.1',
31 silly addNameRange     '3.10.0',
31 silly addNameRange     '3.10.1',
31 silly addNameRange     '3.10.2',
31 silly addNameRange     '3.10.3',
31 silly addNameRange     '3.10.4',
31 silly addNameRange     '4.4.2',
31 silly addNameRange     '3.10.5',
31 silly addNameRange     '4.4.3',
31 silly addNameRange     '3.11.0',
31 silly addNameRange     '4.4.4',
31 silly addNameRange     '3.12.0',
31 silly addNameRange     '3.12.1',
31 silly addNameRange     '4.4.5',
31 silly addNameRange     '3.13.0',
31 silly addNameRange     '4.5.0',
31 silly addNameRange     '4.5.1',
31 silly addNameRange     '3.14.0',
31 silly addNameRange     '4.6.0',
31 silly addNameRange     '4.6.1',
31 silly addNameRange     '3.15.0',
31 silly addNameRange     '4.7.0',
31 silly addNameRange     '3.15.1',
31 silly addNameRange     '4.7.1',
31 silly addNameRange     '3.15.2',
31 silly addNameRange     '4.7.2',
31 silly addNameRange     '4.7.3',
31 silly addNameRange     '3.15.3',
31 silly addNameRange     '4.7.4',
31 silly addNameRange     '3.16.0',
31 silly addNameRange     '4.8.0',
31 silly addNameRange     '3.16.1',
31 silly addNameRange     '4.8.1',
31 silly addNameRange     '3.16.2',
31 silly addNameRange     '4.8.2',
31 silly addNameRange     '3.16.3',
31 silly addNameRange     '3.16.4',
31 silly addNameRange     '4.8.3',
31 silly addNameRange     '3.16.5',
31 silly addNameRange     '3.16.6',
31 silly addNameRange     '4.8.4',
31 silly addNameRange     '3.16.7',
31 silly addNameRange     '4.8.5',
31 silly addNameRange     '3.16.8',
31 silly addNameRange     '4.8.6',
31 silly addNameRange     '3.16.9',
31 silly addNameRange     '4.8.7',
31 silly addNameRange     '3.16.10',
31 silly addNameRange     '4.8.8',
31 silly addNameRange     '3.17.0',
31 silly addNameRange     '3.17.1',
31 silly addNameRange     '4.9.0',
31 silly addNameRange     '3.17.2',
31 silly addNameRange     '4.9.1',
31 silly addNameRange     '4.9.2',
31 silly addNameRange     '3.17.3',
31 silly addNameRange     '4.9.3',
31 silly addNameRange     '3.17.4',
31 silly addNameRange     '4.9.4',
31 silly addNameRange     '3.17.5',
31 silly addNameRange     '4.9.5',
31 silly addNameRange     '3.17.6',
31 silly addNameRange     '3.17.7',
31 silly addNameRange     '4.9.6',
31 silly addNameRange     '4.9.7',
31 silly addNameRange     '3.17.8',
31 silly addNameRange     '4.9.8',
31 silly addNameRange     '3.18.0',
31 silly addNameRange     '3.18.1',
31 silly addNameRange     '4.10.0',
31 silly addNameRange     '3.18.2',
31 silly addNameRange     '4.10.1',
31 silly addNameRange     '5.0.0-alpha.1',
31 silly addNameRange     '3.18.3',
31 silly addNameRange     '4.10.2',
31 silly addNameRange     '3.18.4',
31 silly addNameRange     '4.10.3',
31 silly addNameRange     '4.10.4',
31 silly addNameRange     '4.10.5',
31 silly addNameRange     '3.18.5',
31 silly addNameRange     '3.18.6',
31 silly addNameRange     '4.10.6',
31 silly addNameRange     '4.10.7',
31 silly addNameRange     '3.19.0',
31 silly addNameRange     '4.10.8',
31 silly addNameRange     '4.11.0',
31 silly addNameRange     '3.19.1',
31 silly addNameRange     '4.11.1',
31 silly addNameRange     '3.19.2',
31 silly addNameRange     '4.11.2',
31 silly addNameRange     '3.20.0' ] ]
32 verbose addNamed [ 'express', '4.11.2' ]
33 verbose addNamed [ '4.11.2', '4.11.2' ]
34 silly lockFile 69e74cc8-express-4-11-2 express@4.11.2
35 verbose lock express@4.11.2 /Users/lucas/.npm/69e74cc8-express-4-11-2.lock
36 silly lockFile bad57c1d-s-org-express-express-4-11-2-tgz https://registry.npmjs.org/express/-/express-4.11.2.tgz
37 verbose lock https://registry.npmjs.org/express/-/express-4.11.2.tgz /Users/lucas/.npm/bad57c1d-s-org-express-express-4-11-2-tgz.lock
38 verbose addRemoteTarball [ 'https://registry.npmjs.org/express/-/express-4.11.2.tgz',
38 verbose addRemoteTarball   '8df3d5a9ac848585f00a0777601823faecd3b148' ]
39 info retry fetch attempt 1 at 13:22:08
40 verbose fetch to= /var/folders/ss/z2nmpkgd7n5_6pd981dzm8100000gy/T/npm-4104-wqcuxe6Y/registry.npmjs.org/express/-/express-4.11.2.tgz
41 http GET https://registry.npmjs.org/express/-/express-4.11.2.tgz
42 http 200 https://registry.npmjs.org/express/-/express-4.11.2.tgz
43 silly lockFile bad57c1d-s-org-express-express-4-11-2-tgz https://registry.npmjs.org/express/-/express-4.11.2.tgz
44 silly lockFile bad57c1d-s-org-express-express-4-11-2-tgz https://registry.npmjs.org/express/-/express-4.11.2.tgz
45 silly lockFile 69e74cc8-express-4-11-2 express@4.11.2
46 silly lockFile 69e74cc8-express-4-11-2 express@4.11.2
47 silly lockFile 64a534c1-express express@
48 silly lockFile 64a534c1-express express@
49 error Error: EACCES, mkdir '/Users/lucas/.npm/express/4.11.2'
49 error  { [Error: EACCES, mkdir '/Users/lucas/.npm/express/4.11.2']
49 error   errno: 3,
49 error   code: 'EACCES',
49 error   path: '/Users/lucas/.npm/express/4.11.2',
49 error   parent: 'SpeakThis_GUI' }
50 error Please try running this command again as root/Administrator.
51 error System Darwin 14.1.0
52 error command "node" "/usr/local/bin/npm" "install" "express" "--save"
53 error cwd /Users/lucas/UQSummer2014-15/SpeakThis_GUI
54 error node -v v0.10.33
55 error npm -v 1.4.28
56 error path /Users/lucas/.npm/express/4.11.2
57 error code EACCES
58 error errno 3
59 error stack Error: EACCES, mkdir '/Users/lucas/.npm/express/4.11.2'
60 verbose exit [ 3, true ]
